<?xml version="1.0" encoding="UTF-8" ?>
<testsuite tests="1" failures="0" name="com.gurgaon.delhi.shoppingBackEnd.test.CategoryTestCase" time="0.409" errors="1" skipped="0">
  <properties>
    <property name="java.runtime.name" value="Java(TM) SE Runtime Environment"/>
    <property name="sun.boot.library.path" value="C:\Program Files\Java\jdk1.8.0_31\jre\bin"/>
    <property name="java.vm.version" value="25.31-b07"/>
    <property name="java.vm.vendor" value="Oracle Corporation"/>
    <property name="maven.multiModuleProjectDirectory" value="C:\Users\gajenderkumar\workspace\shoppingBackEnd"/>
    <property name="java.vendor.url" value="http://java.oracle.com/"/>
    <property name="path.separator" value=";"/>
    <property name="guice.disable.misplaced.annotation.check" value="true"/>
    <property name="java.vm.name" value="Java HotSpot(TM) 64-Bit Server VM"/>
    <property name="file.encoding.pkg" value="sun.io"/>
    <property name="user.script" value=""/>
    <property name="user.country" value="US"/>
    <property name="sun.java.launcher" value="SUN_STANDARD"/>
    <property name="sun.os.patch.level" value=""/>
    <property name="java.vm.specification.name" value="Java Virtual Machine Specification"/>
    <property name="user.dir" value="C:\Users\gajenderkumar\workspace\shoppingBackEnd"/>
    <property name="java.runtime.version" value="1.8.0_31-b13"/>
    <property name="java.awt.graphicsenv" value="sun.awt.Win32GraphicsEnvironment"/>
    <property name="java.endorsed.dirs" value="C:\Program Files\Java\jdk1.8.0_31\jre\lib\endorsed"/>
    <property name="os.arch" value="amd64"/>
    <property name="java.io.tmpdir" value="C:\Users\GAJEND~1\AppData\Local\Temp\"/>
    <property name="line.separator" value="
"/>
    <property name="java.vm.specification.vendor" value="Oracle Corporation"/>
    <property name="user.variant" value=""/>
    <property name="os.name" value="Windows 8.1"/>
    <property name="classworlds.conf" value="C:\Users\gajenderkumar\workspace\.metadata\.plugins\org.eclipse.m2e.launching\launches\m2conf4695687108064939019.tmp"/>
    <property name="sun.jnu.encoding" value="Cp1252"/>
    <property name="java.library.path" value="C:\Program Files\Java\jdk1.8.0_31\bin;C:\WINDOWS\Sun\Java\bin;C:\WINDOWS\system32;C:\WINDOWS;C:/Program Files/Java/jre1.8.0_121/bin/server;C:/Program Files/Java/jre1.8.0_121/bin;C:/Program Files/Java/jre1.8.0_121/lib/amd64;C:\ProgramData\Oracle\Java\javapath;C:\Program Files (x86)\Intel\iCLS Client\;C:\Program Files\Intel\iCLS Client\;C:\Program Files (x86)\NVIDIA Corporation\PhysX\Common;C:\WINDOWS\system32;C:\WINDOWS;C:\WINDOWS\System32\Wbem;C:\WINDOWS\System32\WindowsPowerShell\v1.0\;C:\Program Files (x86)\Intel\OpenCL SDK\3.0\bin\x86;C:\Program Files (x86)\Intel\OpenCL SDK\3.0\bin\x64;C:\Program Files\Intel\Intel(R) Management Engine Components\DAL;C:\Program Files\Intel\Intel(R) Management Engine Components\IPT;C:\Program Files (x86)\Intel\Intel(R) Management Engine Components\DAL;C:\Program Files (x86)\Intel\Intel(R) Management Engine Components\IPT;C:\Program Files (x86)\Common Files\lenovo\easyplussdk\bin;C:\Program Files\Common Files\Autodesk Shared\;C:\Program Files (x86)\Autodesk\Backburner\;C:\WINDOWS\system32\config\systemprofile\.dnx\bin;C:\Program Files\Microsoft DNX\Dnvm\;C:\Program Files\Microsoft SQL Server\120\Tools\Binn\;C:\Program Files\Microsoft SQL Server\130\Tools\Binn\;C:\Program Files (x86)\Windows Kits\8.1\Windows Performance Toolkit\;C:\Program Files\Git\cmd;C:\Program Files\nodejs\;C:\cygwin64\bin;C:\Program Files (x86)\Microsoft VS Code\bin;C:\Users\gajenderkumar\AppData\Roaming\npm;D:\ECLIPS JEE\eclipse;;."/>
    <property name="java.specification.name" value="Java Platform API Specification"/>
    <property name="java.class.version" value="52.0"/>
    <property name="sun.management.compiler" value="HotSpot 64-Bit Tiered Compilers"/>
    <property name="os.version" value="6.3"/>
    <property name="user.home" value="C:\Users\gajenderkumar"/>
    <property name="user.timezone" value="Asia/Calcutta"/>
    <property name="java.awt.printerjob" value="sun.awt.windows.WPrinterJob"/>
    <property name="java.specification.version" value="1.8"/>
    <property name="file.encoding" value="Cp1252"/>
    <property name="user.name" value="gajenderkumar"/>
    <property name="java.class.path" value="/D:/ECLIPS JEE/eclipse/plugins/org.eclipse.m2e.maven.runtime_1.7.0.20160603-1931/jars/plexus-classworlds-2.5.2.jar"/>
    <property name="java.vm.specification.version" value="1.8"/>
    <property name="sun.arch.data.model" value="64"/>
    <property name="java.home" value="C:\Program Files\Java\jdk1.8.0_31\jre"/>
    <property name="sun.java.command" value="org.codehaus.plexus.classworlds.launcher.Launcher -B install"/>
    <property name="java.specification.vendor" value="Oracle Corporation"/>
    <property name="user.language" value="en"/>
    <property name="awt.toolkit" value="sun.awt.windows.WToolkit"/>
    <property name="java.vm.info" value="mixed mode"/>
    <property name="java.version" value="1.8.0_31"/>
    <property name="java.ext.dirs" value="C:\Program Files\Java\jdk1.8.0_31\jre\lib\ext;C:\WINDOWS\Sun\Java\lib\ext"/>
    <property name="sun.boot.class.path" value="C:\Program Files\Java\jdk1.8.0_31\jre\lib\resources.jar;C:\Program Files\Java\jdk1.8.0_31\jre\lib\rt.jar;C:\Program Files\Java\jdk1.8.0_31\jre\lib\sunrsasign.jar;C:\Program Files\Java\jdk1.8.0_31\jre\lib\jsse.jar;C:\Program Files\Java\jdk1.8.0_31\jre\lib\jce.jar;C:\Program Files\Java\jdk1.8.0_31\jre\lib\charsets.jar;C:\Program Files\Java\jdk1.8.0_31\jre\lib\jfr.jar;C:\Program Files\Java\jdk1.8.0_31\jre\classes"/>
    <property name="java.vendor" value="Oracle Corporation"/>
    <property name="maven.home" value="C:\Users\gajenderkumar\workspace\shoppingBackEnd\EMBEDDED"/>
    <property name="file.separator" value="\"/>
    <property name="java.vendor.url.bug" value="http://bugreport.sun.com/bugreport/"/>
    <property name="sun.cpu.endian" value="little"/>
    <property name="sun.io.unicode.encoding" value="UnicodeLittle"/>
    <property name="sun.desktop" value="windows"/>
    <property name="sun.cpu.isalist" value="amd64"/>
  </properties>
  <testcase classname="com.gurgaon.delhi.shoppingBackEnd.test.CategoryTestCase" name="testAddUser" time="0.409">
    <error message="could not execute statement; SQL [n/a]; constraint [&quot;UK_E6GKQUNXAJVYXL5UCTPL2VL2P_INDEX_2 ON PUBLIC.USER(EMAIL) VALUES (&apos;mukesh@gmail.com&apos;, 8)&quot;; SQL statement:
insert into User (contact, email, enabled, name, password, role, user_id) values (?, ?, ?, ?, ?, ?, ?) [23505-193]]; nested exception is org.hibernate.exception.ConstraintViolationException: could not execute statement" type="org.springframework.dao.DataIntegrityViolationException">org.springframework.dao.DataIntegrityViolationException: could not execute statement; SQL [n/a]; constraint [&quot;UK_E6GKQUNXAJVYXL5UCTPL2VL2P_INDEX_2 ON PUBLIC.USER(EMAIL) VALUES (&apos;mukesh@gmail.com&apos;, 8)&quot;; SQL statement:
insert into User (contact, email, enabled, name, password, role, user_id) values (?, ?, ?, ?, ?, ?, ?) [23505-193]]; nested exception is org.hibernate.exception.ConstraintViolationException: could not execute statement
	at org.springframework.orm.hibernate5.SessionFactoryUtils.convertHibernateAccessException(SessionFactoryUtils.java:241)
	at org.springframework.orm.hibernate5.HibernateTransactionManager.convertHibernateAccessException(HibernateTransactionManager.java:755)
	at org.springframework.orm.hibernate5.HibernateTransactionManager.doCommit(HibernateTransactionManager.java:594)
	at org.springframework.transaction.support.AbstractPlatformTransactionManager.processCommit(AbstractPlatformTransactionManager.java:761)
	at org.springframework.transaction.support.AbstractPlatformTransactionManager.commit(AbstractPlatformTransactionManager.java:730)
	at org.springframework.transaction.interceptor.TransactionAspectSupport.commitTransactionAfterReturning(TransactionAspectSupport.java:504)
	at org.springframework.transaction.interceptor.TransactionAspectSupport.invokeWithinTransaction(TransactionAspectSupport.java:292)
	at org.springframework.transaction.interceptor.TransactionInterceptor.invoke(TransactionInterceptor.java:96)
	at org.springframework.aop.framework.ReflectiveMethodInvocation.proceed(ReflectiveMethodInvocation.java:179)
	at org.springframework.aop.framework.JdkDynamicAopProxy.invoke(JdkDynamicAopProxy.java:213)
	at com.sun.proxy.$Proxy43.add(Unknown Source)
	at com.gurgaon.delhi.shoppingBackEnd.test.CategoryTestCase.testAddUser(CategoryTestCase.java:47)
	at sun.reflect.NativeMethodAccessorImpl.invoke0(Native Method)
	at sun.reflect.NativeMethodAccessorImpl.invoke(NativeMethodAccessorImpl.java:62)
	at sun.reflect.DelegatingMethodAccessorImpl.invoke(DelegatingMethodAccessorImpl.java:43)
	at java.lang.reflect.Method.invoke(Method.java:483)
	at org.junit.runners.model.FrameworkMethod$1.runReflectiveCall(FrameworkMethod.java:50)
	at org.junit.internal.runners.model.ReflectiveCallable.run(ReflectiveCallable.java:12)
	at org.junit.runners.model.FrameworkMethod.invokeExplosively(FrameworkMethod.java:47)
	at org.junit.internal.runners.statements.InvokeMethod.evaluate(InvokeMethod.java:17)
	at org.junit.runners.ParentRunner.runLeaf(ParentRunner.java:325)
	at org.junit.runners.BlockJUnit4ClassRunner.runChild(BlockJUnit4ClassRunner.java:78)
	at org.junit.runners.BlockJUnit4ClassRunner.runChild(BlockJUnit4ClassRunner.java:57)
	at org.junit.runners.ParentRunner$3.run(ParentRunner.java:290)
	at org.junit.runners.ParentRunner$1.schedule(ParentRunner.java:71)
	at org.junit.runners.ParentRunner.runChildren(ParentRunner.java:288)
	at org.junit.runners.ParentRunner.access$000(ParentRunner.java:58)
	at org.junit.runners.ParentRunner$2.evaluate(ParentRunner.java:268)
	at org.junit.internal.runners.statements.RunBefores.evaluate(RunBefores.java:26)
	at org.junit.runners.ParentRunner.run(ParentRunner.java:363)
	at org.apache.maven.surefire.junit4.JUnit4Provider.execute(JUnit4Provider.java:252)
	at org.apache.maven.surefire.junit4.JUnit4Provider.executeTestSet(JUnit4Provider.java:141)
	at org.apache.maven.surefire.junit4.JUnit4Provider.invoke(JUnit4Provider.java:112)
	at sun.reflect.NativeMethodAccessorImpl.invoke0(Native Method)
	at sun.reflect.NativeMethodAccessorImpl.invoke(NativeMethodAccessorImpl.java:62)
	at sun.reflect.DelegatingMethodAccessorImpl.invoke(DelegatingMethodAccessorImpl.java:43)
	at java.lang.reflect.Method.invoke(Method.java:483)
	at org.apache.maven.surefire.util.ReflectionUtils.invokeMethodWithArray(ReflectionUtils.java:189)
	at org.apache.maven.surefire.booter.ProviderFactory$ProviderProxy.invoke(ProviderFactory.java:165)
	at org.apache.maven.surefire.booter.ProviderFactory.invokeProvider(ProviderFactory.java:85)
	at org.apache.maven.surefire.booter.ForkedBooter.runSuitesInProcess(ForkedBooter.java:115)
	at org.apache.maven.surefire.booter.ForkedBooter.main(ForkedBooter.java:75)
Caused by: org.hibernate.exception.ConstraintViolationException: could not execute statement
	at org.hibernate.exception.internal.SQLStateConversionDelegate.convert(SQLStateConversionDelegate.java:112)
	at org.hibernate.exception.internal.StandardSQLExceptionConverter.convert(StandardSQLExceptionConverter.java:42)
	at org.hibernate.engine.jdbc.spi.SqlExceptionHelper.convert(SqlExceptionHelper.java:111)
	at org.hibernate.engine.jdbc.spi.SqlExceptionHelper.convert(SqlExceptionHelper.java:97)
	at org.hibernate.engine.jdbc.internal.ResultSetReturnImpl.executeUpdate(ResultSetReturnImpl.java:208)
	at org.hibernate.engine.jdbc.batch.internal.NonBatchingBatch.addToBatch(NonBatchingBatch.java:45)
	at org.hibernate.persister.entity.AbstractEntityPersister.insert(AbstractEntityPersister.java:3003)
	at org.hibernate.persister.entity.AbstractEntityPersister.insert(AbstractEntityPersister.java:3503)
	at org.hibernate.action.internal.EntityInsertAction.execute(EntityInsertAction.java:89)
	at org.hibernate.engine.spi.ActionQueue.executeActions(ActionQueue.java:586)
	at org.hibernate.engine.spi.ActionQueue.executeActions(ActionQueue.java:460)
	at org.hibernate.event.internal.AbstractFlushingEventListener.performExecutions(AbstractFlushingEventListener.java:337)
	at org.hibernate.event.internal.DefaultFlushEventListener.onFlush(DefaultFlushEventListener.java:39)
	at org.hibernate.internal.SessionImpl.doFlush(SessionImpl.java:1428)
	at org.hibernate.internal.SessionImpl.managedFlush(SessionImpl.java:484)
	at org.hibernate.internal.SessionImpl.flushBeforeTransactionCompletion(SessionImpl.java:3190)
	at org.hibernate.internal.SessionImpl.beforeTransactionCompletion(SessionImpl.java:2404)
	at org.hibernate.engine.jdbc.internal.JdbcCoordinatorImpl.beforeTransactionCompletion(JdbcCoordinatorImpl.java:467)
	at org.hibernate.resource.transaction.backend.jdbc.internal.JdbcResourceLocalTransactionCoordinatorImpl.beforeCompletionCallback(JdbcResourceLocalTransactionCoordinatorImpl.java:146)
	at org.hibernate.resource.transaction.backend.jdbc.internal.JdbcResourceLocalTransactionCoordinatorImpl.access$100(JdbcResourceLocalTransactionCoordinatorImpl.java:38)
	at org.hibernate.resource.transaction.backend.jdbc.internal.JdbcResourceLocalTransactionCoordinatorImpl$TransactionDriverControlImpl.commit(JdbcResourceLocalTransactionCoordinatorImpl.java:220)
	at org.hibernate.engine.transaction.internal.TransactionImpl.commit(TransactionImpl.java:68)
	at org.springframework.orm.hibernate5.HibernateTransactionManager.doCommit(HibernateTransactionManager.java:582)
	... 39 more
Caused by: org.h2.jdbc.JdbcSQLException: Unique index or primary key violation: &quot;UK_E6GKQUNXAJVYXL5UCTPL2VL2P_INDEX_2 ON PUBLIC.USER(EMAIL) VALUES (&apos;mukesh@gmail.com&apos;, 8)&quot;; SQL statement:
insert into User (contact, email, enabled, name, password, role, user_id) values (?, ?, ?, ?, ?, ?, ?) [23505-192]
	at org.h2.message.DbException.getJdbcSQLException(DbException.java:345)
	at org.h2.message.DbException.get(DbException.java:179)
	at org.h2.message.DbException.get(DbException.java:155)
	at org.h2.index.BaseIndex.getDuplicateKeyException(BaseIndex.java:103)
	at org.h2.mvstore.db.MVSecondaryIndex.checkUnique(MVSecondaryIndex.java:231)
	at org.h2.mvstore.db.MVSecondaryIndex.add(MVSecondaryIndex.java:190)
	at org.h2.mvstore.db.MVTable.addRow(MVTable.java:704)
	at org.h2.command.dml.Insert.insertRows(Insert.java:156)
	at org.h2.command.dml.Insert.update(Insert.java:114)
	at org.h2.command.CommandContainer.update(CommandContainer.java:98)
	at org.h2.command.Command.executeUpdate(Command.java:258)
	at org.h2.server.TcpServerThread.process(TcpServerThread.java:344)
	at org.h2.server.TcpServerThread.run(TcpServerThread.java:158)
	at java.lang.Thread.run(Unknown Source)

	at org.h2.engine.SessionRemote.done(SessionRemote.java:624)
	at org.h2.command.CommandRemote.executeUpdate(CommandRemote.java:191)
	at org.h2.jdbc.JdbcPreparedStatement.executeUpdateInternal(JdbcPreparedStatement.java:160)
	at org.h2.jdbc.JdbcPreparedStatement.executeUpdate(JdbcPreparedStatement.java:146)
	at org.apache.commons.dbcp2.DelegatingPreparedStatement.executeUpdate(DelegatingPreparedStatement.java:98)
	at org.apache.commons.dbcp2.DelegatingPreparedStatement.executeUpdate(DelegatingPreparedStatement.java:98)
	at org.hibernate.engine.jdbc.internal.ResultSetReturnImpl.executeUpdate(ResultSetReturnImpl.java:205)
	... 57 more
</error>
    <system-out>Hibernate: 
    call next value for hibernate_sequence
Hibernate: 
    insert 
    into
        User
        (contact, email, enabled, name, password, role, user_id) 
    values
        (?, ?, ?, ?, ?, ?, ?)
</system-out>
    <system-err>Mar 11, 2017 10:26:23 PM org.springframework.context.support.AbstractApplicationContext prepareRefresh
INFO: Refreshing org.springframework.context.annotation.AnnotationConfigApplicationContext@2a18f23c: startup date [Sat Mar 11 22:26:23 IST 2017]; root of context hierarchy
Mar 11, 2017 10:26:24 PM org.springframework.beans.factory.annotation.AutowiredAnnotationBeanPostProcessor &lt;init&gt;
INFO: JSR-330 &apos;javax.inject.Inject&apos; annotation found and supported for autowiring
Mar 11, 2017 10:26:25 PM org.hibernate.Version logVersion
INFO: HHH000412: Hibernate Core {5.2.8.Final}
Mar 11, 2017 10:26:25 PM org.hibernate.cfg.Environment &lt;clinit&gt;
INFO: HHH000206: hibernate.properties not found
Mar 11, 2017 10:26:25 PM org.hibernate.annotations.common.reflection.java.JavaReflectionManager &lt;clinit&gt;
INFO: HCANN000001: Hibernate Commons Annotations {5.0.1.Final}
Mar 11, 2017 10:26:26 PM org.hibernate.dialect.Dialect &lt;init&gt;
INFO: HHH000400: Using dialect: org.hibernate.dialect.H2Dialect
Mar 11, 2017 10:26:26 PM org.hibernate.validator.internal.util.Version &lt;clinit&gt;
INFO: HV000001: Hibernate Validator 5.4.0.Final
Mar 11, 2017 10:26:27 PM org.springframework.orm.hibernate5.HibernateTransactionManager afterPropertiesSet
INFO: Using DataSource [org.apache.commons.dbcp2.BasicDataSource@682b2fa] of Hibernate SessionFactory for HibernateTransactionManager
Mar 11, 2017 10:26:28 PM org.hibernate.engine.jdbc.spi.SqlExceptionHelper logExceptions
WARN: SQL Error: 23505, SQLState: 23505
Mar 11, 2017 10:26:28 PM org.hibernate.engine.jdbc.spi.SqlExceptionHelper logExceptions
ERROR: Unique index or primary key violation: &quot;UK_E6GKQUNXAJVYXL5UCTPL2VL2P_INDEX_2 ON PUBLIC.USER(EMAIL) VALUES (&apos;mukesh@gmail.com&apos;, 8)&quot;; SQL statement:
insert into User (contact, email, enabled, name, password, role, user_id) values (?, ?, ?, ?, ?, ?, ?) [23505-193]
Mar 11, 2017 10:26:28 PM org.hibernate.engine.jdbc.batch.internal.AbstractBatchImpl release
INFO: HHH000010: On release of batch it still contained JDBC statements
Mar 11, 2017 10:26:28 PM org.hibernate.internal.ExceptionMapperStandardImpl mapManagedFlushFailure
ERROR: HHH000346: Error during managed flush [org.hibernate.exception.ConstraintViolationException: could not execute statement]
</system-err>
  </testcase>
</testsuite>